<?xml version="1.0" encoding="UTF-8"?>
<!-- Generated by org.testng.reporters.JUnitXMLReporter -->
<testsuite hostname="lenovo-PC" ignored="0" name="Test" tests="6" failures="0" timestamp="23 Nov 2021 05:57:27 GMT" time="0.165" errors="0">
  <testcase name="tco3" time="0.003" classname="org.login.ParallelExecution"/>
  <testcase name="tco4" time="0.047" classname="org.login.ParallelExecution"/>
  <testcase name="tco2" time="0.018" classname="org.login.ParallelExecution"/>
  <testcase name="tco5" time="0.046" classname="org.login.ParallelExecution"/>
  <testcase name="tco6" time="0.055" classname="org.login.ParallelExecution"/>
  <testcase name="tco1" time="0.069" classname="org.login.ParallelExecution"/>
</testsuite> <!-- Test -->
