<?xml version="1.0" encoding="UTF-8"?>
<testng-results skipped="0" failed="0" ignored="0" total="1" passed="1">
  <reporter-output>
  </reporter-output>
  <suite name="Default suite" duration-ms="19732" started-at="2021-11-23T05:59:29Z" finished-at="2021-11-23T05:59:49Z">
    <groups>
    </groups>
    <test name="Default test" duration-ms="19732" started-at="2021-11-23T05:59:29Z" finished-at="2021-11-23T05:59:49Z">
      <class name="org.login.DataProvider">
        <test-method status="PASS" signature="faceBook(java.lang.String, java.lang.String)[pri:0, instance:org.login.DataProvider@5442a311]" name="faceBook" duration-ms="18290" started-at="2021-11-23T05:59:31Z" data-provider="mydatas" finished-at="2021-11-23T05:59:49Z">
          <params>
            <param index="0">
              <value>
                <![CDATA[x]]>
              </value>
            </param>
            <param index="1">
              <value>
                <![CDATA[y]]>
              </value>
            </param>
          </params>
          <reporter-output>
          </reporter-output>
        </test-method> <!-- faceBook -->
      </class> <!-- org.login.DataProvider -->
    </test> <!-- Default test -->
  </suite> <!-- Default suite -->
</testng-results>
